<?xml version="1.0" encoding="UTF-8"?>
<!-- Generated by org.testng.reporters.JUnitXMLReporter -->
<testsuite hostname="ip-172-31-86-173" ignored="4" name="Test" tests="4" failures="0" timestamp="20 Dec 2021 06:10:25 GMT" time="7.57" errors="0">
  <testcase name="signupTest" time="0.906" classname="test.SignUpPageTest"/>
  <testcase name="NegetiveLoginTest" time="0.38" classname="test.LoginPageTest"/>
  <testcase name="PositiveLoginTest" time="0.452" classname="test.LoginPageTest"/>
  <testcase name="afterLogin" time="1.574" classname="test.AfterLoginTest"/>
  <testcase name="@BeforeTest ReportSetup" time="0.0" classname="test.Baseclass">
    <ignored/>
  </testcase> <!-- @BeforeTest ReportSetup -->
  <testcase name="@BeforeTest ReportSetup" time="0.0" classname="test.Baseclass">
    <ignored/>
  </testcase> <!-- @BeforeTest ReportSetup -->
  <testcase name="@AfterTest ReportTearDown" time="0.0" classname="test.Baseclass">
    <ignored/>
  </testcase> <!-- @AfterTest ReportTearDown -->
  <testcase name="@AfterTest ReportTearDown" time="0.0" classname="test.Baseclass">
    <ignored/>
  </testcase> <!-- @AfterTest ReportTearDown -->
</testsuite> <!-- Test -->
